<?xml version="1.0" encoding="UTF-8"?>
<testng-results ignored="0" total="2" passed="2" failed="0" skipped="0">
  <reporter-output>
  </reporter-output>
  <suite started-at="2022-08-15T01:18:20 WIB" name="reqres" finished-at="2022-08-15T01:18:25 WIB" duration-ms="4446">
    <groups>
      <group name="API">
        <method signature="APIcase.TC01()[pri:0, instance:ctcorp.iviewAPI.testCase.APIcase@3e84448c]" name="TC01" class="ctcorp.iviewAPI.testCase.APIcase"/>
        <method signature="APIcase.TC02()[pri:1, instance:ctcorp.iviewAPI.testCase.APIcase@3e84448c]" name="TC02" class="ctcorp.iviewAPI.testCase.APIcase"/>
      </group> <!-- API -->
    </groups>
    <test started-at="2022-08-15T01:18:20 WIB" name="reqres" finished-at="2022-08-15T01:18:25 WIB" duration-ms="4446">
      <class name="ctcorp.iviewAPI.testCase.APIcase">
        <test-method is-config="true" signature="setup()[pri:0, instance:ctcorp.iviewAPI.testCase.APIcase@3e84448c]" started-at="2022-08-15T01:18:20 WIB" name="setup" finished-at="2022-08-15T01:18:21 WIB" duration-ms="595" status="PASS">
          <reporter-output>
          </reporter-output>
        </test-method> <!-- setup -->
        <test-method signature="TC01()[pri:0, instance:ctcorp.iviewAPI.testCase.APIcase@3e84448c]" started-at="2022-08-15T01:18:21 WIB" name="TC01" description="checking on List users statusCode and email contains" finished-at="2022-08-15T01:18:24 WIB" duration-ms="3166" status="PASS">
          <reporter-output>
          </reporter-output>
        </test-method> <!-- TC01 -->
        <test-method signature="TC02()[pri:1, instance:ctcorp.iviewAPI.testCase.APIcase@3e84448c]" started-at="2022-08-15T01:18:24 WIB" name="TC02" description="POST and check if status code + response body is correct" finished-at="2022-08-15T01:18:25 WIB" duration-ms="625" status="PASS">
          <reporter-output>
          </reporter-output>
        </test-method> <!-- TC02 -->
      </class> <!-- ctcorp.iviewAPI.testCase.APIcase -->
    </test> <!-- reqres -->
  </suite> <!-- reqres -->
</testng-results>
